2015-11-11 12:46:17,569 0     DEBUG [org.springframework.core.env.StandardEnvironment] (main:) Initializing new StandardEnvironment
2015-11-11 12:46:17,580 11    DEBUG [org.springframework.core.env.StandardEnvironment] (main:) Adding [systemProperties] PropertySource with lowest search precedence
2015-11-11 12:46:17,581 12    DEBUG [org.springframework.core.env.StandardEnvironment] (main:) Adding [systemEnvironment] PropertySource with lowest search precedence
2015-11-11 12:46:17,582 13    DEBUG [org.springframework.core.env.StandardEnvironment] (main:) Initialized StandardEnvironment with PropertySources [systemProperties,systemEnvironment]
2015-11-11 12:46:17,586 17    INFO  [org.springframework.context.support.ClassPathXmlApplicationContext] (main:) Refreshing org.springframework.context.support.ClassPathXmlApplicationContext@675dd521: startup date [Wed Nov 11 12:46:17 GMT+08:00 2015]; root of context hierarchy
2015-11-11 12:46:17,624 55    DEBUG [org.springframework.core.env.StandardEnvironment] (main:) Initializing new StandardEnvironment
2015-11-11 12:46:17,624 55    DEBUG [org.springframework.core.env.StandardEnvironment] (main:) Adding [systemProperties] PropertySource with lowest search precedence
2015-11-11 12:46:17,625 56    DEBUG [org.springframework.core.env.StandardEnvironment] (main:) Adding [systemEnvironment] PropertySource with lowest search precedence
2015-11-11 12:46:17,625 56    DEBUG [org.springframework.core.env.StandardEnvironment] (main:) Initialized StandardEnvironment with PropertySources [systemProperties,systemEnvironment]
2015-11-11 12:46:17,626 57    DEBUG [org.springframework.core.env.StandardEnvironment] (main:) Initializing new StandardEnvironment
2015-11-11 12:46:17,626 57    DEBUG [org.springframework.core.env.StandardEnvironment] (main:) Adding [systemProperties] PropertySource with lowest search precedence
2015-11-11 12:46:17,626 57    DEBUG [org.springframework.core.env.StandardEnvironment] (main:) Adding [systemEnvironment] PropertySource with lowest search precedence
2015-11-11 12:46:17,626 57    DEBUG [org.springframework.core.env.StandardEnvironment] (main:) Initialized StandardEnvironment with PropertySources [systemProperties,systemEnvironment]
2015-11-11 12:46:17,637 68    INFO  [org.springframework.beans.factory.xml.XmlBeanDefinitionReader] (main:) Loading XML bean definitions from class path resource [spring-context.xml]
2015-11-11 12:46:17,638 69    DEBUG [org.springframework.beans.factory.xml.DefaultDocumentLoader] (main:) Using JAXP provider [com.sun.org.apache.xerces.internal.jaxp.DocumentBuilderFactoryImpl]
2015-11-11 12:46:17,654 85    DEBUG [org.springframework.beans.factory.xml.PluggableSchemaResolver] (main:) Loading schema mappings from [META-INF/spring.schemas]
2015-11-11 12:46:17,660 91    DEBUG [org.springframework.beans.factory.xml.PluggableSchemaResolver] (main:) Loaded schema mappings: {http://mybatis.org/schema/mybatis-spring-1.2.xsd=org/mybatis/spring/config/mybatis-spring-1.2.xsd, http://www.springframework.org/schema/util/spring-util.xsd=org/springframework/beans/factory/xml/spring-util-3.1.xsd, http://www.springframework.org/schema/mvc/spring-mvc-3.1.xsd=org/springframework/web/servlet/config/spring-mvc-3.1.xsd, http://www.springframework.org/schema/beans/spring-beans-3.1.xsd=org/springframework/beans/factory/xml/spring-beans-3.1.xsd, http://www.springframework.org/schema/task/spring-task.xsd=org/springframework/scheduling/config/spring-task-3.1.xsd, http://www.springframework.org/schema/cache/spring-cache.xsd=org/springframework/cache/config/spring-cache-3.1.xsd, http://www.springframework.org/schema/aop/spring-aop-3.0.xsd=org/springframework/aop/config/spring-aop-3.0.xsd, http://www.springframework.org/schema/aop/spring-aop-2.0.xsd=org/springframework/aop/config/spring-aop-2.0.xsd, http://www.springframework.org/schema/task/spring-task-3.1.xsd=org/springframework/scheduling/config/spring-task-3.1.xsd, http://www.springframework.org/schema/tool/spring-tool-2.5.xsd=org/springframework/beans/factory/xml/spring-tool-2.5.xsd, http://www.springframework.org/schema/beans/spring-beans.xsd=org/springframework/beans/factory/xml/spring-beans-3.1.xsd, http://www.springframework.org/schema/jee/spring-jee-2.5.xsd=org/springframework/ejb/config/spring-jee-2.5.xsd, http://www.springframework.org/schema/jdbc/spring-jdbc-3.1.xsd=org/springframework/jdbc/config/spring-jdbc-3.1.xsd, http://www.springframework.org/schema/tool/spring-tool-3.1.xsd=org/springframework/beans/factory/xml/spring-tool-3.1.xsd, http://www.springframework.org/schema/aop/spring-aop.xsd=org/springframework/aop/config/spring-aop-3.1.xsd, http://www.springframework.org/schema/jee/spring-jee-3.1.xsd=org/springframework/ejb/config/spring-jee-3.1.xsd, http://www.springframework.org/schema/beans/spring-beans-2.0.xsd=org/springframework/beans/factory/xml/spring-beans-2.0.xsd, http://www.springframework.org/schema/mvc/spring-mvc-3.0.xsd=org/springframework/web/servlet/config/spring-mvc-3.0.xsd, http://www.springframework.org/schema/beans/spring-beans-3.0.xsd=org/springframework/beans/factory/xml/spring-beans-3.0.xsd, http://www.springframework.org/schema/task/spring-task-3.0.xsd=org/springframework/scheduling/config/spring-task-3.0.xsd, http://mybatis.org/schema/mybatis-spring.xsd=org/mybatis/spring/config/mybatis-spring-1.2.xsd, http://www.springframework.org/schema/tx/spring-tx-2.5.xsd=org/springframework/transaction/config/spring-tx-2.5.xsd, http://www.springframework.org/schema/context/spring-context-2.5.xsd=org/springframework/context/config/spring-context-2.5.xsd, http://www.springframework.org/schema/jdbc/spring-jdbc-3.0.xsd=org/springframework/jdbc/config/spring-jdbc-3.0.xsd, http://www.springframework.org/schema/tool/spring-tool-3.0.xsd=org/springframework/beans/factory/xml/spring-tool-3.0.xsd, http://www.springframework.org/schema/tx/spring-tx.xsd=org/springframework/transaction/config/spring-tx-3.1.xsd, http://www.springframework.org/schema/tool/spring-tool-2.0.xsd=org/springframework/beans/factory/xml/spring-tool-2.0.xsd, http://www.springframework.org/schema/util/spring-util-2.5.xsd=org/springframework/beans/factory/xml/spring-util-2.5.xsd, http://www.springframework.org/schema/lang/spring-lang.xsd=org/springframework/scripting/config/spring-lang-3.1.xsd, http://www.springframework.org/schema/lang/spring-lang-2.5.xsd=org/springframework/scripting/config/spring-lang-2.5.xsd, http://www.springframework.org/schema/jee/spring-jee-3.0.xsd=org/springframework/ejb/config/spring-jee-3.0.xsd, http://www.springframework.org/schema/tx/spring-tx-3.1.xsd=org/springframework/transaction/config/spring-tx-3.1.xsd, http://www.springframework.org/schema/jee/spring-jee-2.0.xsd=org/springframework/ejb/config/spring-jee-2.0.xsd, http://www.springframework.org/schema/context/spring-context-3.1.xsd=org/springframework/context/config/spring-context-3.1.xsd, http://www.springframework.org/schema/util/spring-util-3.1.xsd=org/springframework/beans/factory/xml/spring-util-3.1.xsd, http://www.springframework.org/schema/lang/spring-lang-3.1.xsd=org/springframework/scripting/config/spring-lang-3.1.xsd, http://www.springframework.org/schema/cache/spring-cache-3.1.xsd=org/springframework/cache/config/spring-cache-3.1.xsd, http://www.springframework.org/schema/context/spring-context.xsd=org/springframework/context/config/spring-context-3.1.xsd, http://www.springframework.org/schema/jee/spring-jee.xsd=org/springframework/ejb/config/spring-jee-3.1.xsd, http://www.springframework.org/schema/aop/spring-aop-2.5.xsd=org/springframework/aop/config/spring-aop-2.5.xsd, http://www.springframework.org/schema/mvc/spring-mvc.xsd=org/springframework/web/servlet/config/spring-mvc-3.1.xsd, http://www.springframework.org/schema/jdbc/spring-jdbc.xsd=org/springframework/jdbc/config/spring-jdbc-3.1.xsd, http://www.springframework.org/schema/tx/spring-tx-2.0.xsd=org/springframework/transaction/config/spring-tx-2.0.xsd, http://www.springframework.org/schema/aop/spring-aop-3.1.xsd=org/springframework/aop/config/spring-aop-3.1.xsd, http://www.springframework.org/schema/tx/spring-tx-3.0.xsd=org/springframework/transaction/config/spring-tx-3.0.xsd, http://www.springframework.org/schema/context/spring-context-3.0.xsd=org/springframework/context/config/spring-context-3.0.xsd, http://www.springframework.org/schema/tool/spring-tool.xsd=org/springframework/beans/factory/xml/spring-tool-3.1.xsd, http://www.springframework.org/schema/util/spring-util-3.0.xsd=org/springframework/beans/factory/xml/spring-util-3.0.xsd, http://www.springframework.org/schema/lang/spring-lang-3.0.xsd=org/springframework/scripting/config/spring-lang-3.0.xsd, http://www.springframework.org/schema/util/spring-util-2.0.xsd=org/springframework/beans/factory/xml/spring-util-2.0.xsd, http://www.springframework.org/schema/lang/spring-lang-2.0.xsd=org/springframework/scripting/config/spring-lang-2.0.xsd, http://www.springframework.org/schema/beans/spring-beans-2.5.xsd=org/springframework/beans/factory/xml/spring-beans-2.5.xsd}
2015-11-11 12:46:17,661 92    DEBUG [org.springframework.beans.factory.xml.PluggableSchemaResolver] (main:) Found XML schema [http://www.springframework.org/schema/beans/spring-beans-3.0.xsd] in classpath: org/springframework/beans/factory/xml/spring-beans-3.0.xsd
2015-11-11 12:46:17,692 123   DEBUG [org.springframework.beans.factory.xml.PluggableSchemaResolver] (main:) Found XML schema [http://www.springframework.org/schema/context/spring-context-3.0.xsd] in classpath: org/springframework/context/config/spring-context-3.0.xsd
2015-11-11 12:46:17,707 138   DEBUG [org.springframework.beans.factory.xml.PluggableSchemaResolver] (main:) Found XML schema [http://www.springframework.org/schema/tool/spring-tool-3.0.xsd] in classpath: org/springframework/beans/factory/xml/spring-tool-3.0.xsd
2015-11-11 12:46:17,721 152   DEBUG [org.springframework.beans.factory.xml.DefaultBeanDefinitionDocumentReader] (main:) Loading bean definitions
2015-11-11 12:46:17,730 161   INFO  [org.springframework.beans.factory.xml.XmlBeanDefinitionReader] (main:) Loading XML bean definitions from class path resource [spring-mybatis.xml]
2015-11-11 12:46:17,731 162   DEBUG [org.springframework.beans.factory.xml.DefaultDocumentLoader] (main:) Using JAXP provider [com.sun.org.apache.xerces.internal.jaxp.DocumentBuilderFactoryImpl]
2015-11-11 12:46:17,733 164   DEBUG [org.springframework.beans.factory.xml.PluggableSchemaResolver] (main:) Found XML schema [http://www.springframework.org/schema/beans/spring-beans-3.0.xsd] in classpath: org/springframework/beans/factory/xml/spring-beans-3.0.xsd
2015-11-11 12:46:17,753 184   DEBUG [org.springframework.beans.factory.xml.DefaultBeanDefinitionDocumentReader] (main:) Loading bean definitions
2015-11-11 12:46:17,764 195   DEBUG [org.springframework.beans.factory.xml.XmlBeanDefinitionReader] (main:) Loaded 2 bean definitions from location pattern [classpath:spring-mybatis.xml]
2015-11-11 12:46:17,764 195   DEBUG [org.springframework.beans.factory.xml.DefaultBeanDefinitionDocumentReader] (main:) Imported 2 bean definitions from URL location [classpath:spring-mybatis.xml]
2015-11-11 12:46:17,766 197   DEBUG [org.springframework.beans.factory.xml.DefaultNamespaceHandlerResolver] (main:) Loaded NamespaceHandler mappings: {http://www.springframework.org/schema/p=org.springframework.beans.factory.xml.SimplePropertyNamespaceHandler, http://www.springframework.org/schema/mvc=org.springframework.web.servlet.config.MvcNamespaceHandler, http://www.springframework.org/schema/util=org.springframework.beans.factory.xml.UtilNamespaceHandler, http://www.springframework.org/schema/jee=org.springframework.ejb.config.JeeNamespaceHandler, http://www.springframework.org/schema/aop=org.springframework.aop.config.AopNamespaceHandler, http://www.springframework.org/schema/jdbc=org.springframework.jdbc.config.JdbcNamespaceHandler, http://www.springframework.org/schema/cache=org.springframework.cache.config.CacheNamespaceHandler, http://mybatis.org/schema/mybatis-spring=org.mybatis.spring.config.NamespaceHandler, http://www.springframework.org/schema/c=org.springframework.beans.factory.xml.SimpleConstructorNamespaceHandler, http://www.springframework.org/schema/tx=org.springframework.transaction.config.TxNamespaceHandler, http://www.springframework.org/schema/task=org.springframework.scheduling.config.TaskNamespaceHandler, http://www.springframework.org/schema/lang=org.springframework.scripting.config.LangNamespaceHandler, http://www.springframework.org/schema/context=org.springframework.context.config.ContextNamespaceHandler}
2015-11-11 12:46:17,791 222   DEBUG [org.springframework.core.env.StandardEnvironment] (main:) Initializing new StandardEnvironment
2015-11-11 12:46:17,792 223   DEBUG [org.springframework.core.env.StandardEnvironment] (main:) Adding [systemProperties] PropertySource with lowest search precedence
2015-11-11 12:46:17,792 223   DEBUG [org.springframework.core.env.StandardEnvironment] (main:) Adding [systemEnvironment] PropertySource with lowest search precedence
2015-11-11 12:46:17,792 223   DEBUG [org.springframework.core.env.StandardEnvironment] (main:) Initialized StandardEnvironment with PropertySources [systemProperties,systemEnvironment]
2015-11-11 12:46:17,805 236   DEBUG [org.springframework.core.io.support.PathMatchingResourcePatternResolver] (main:) Looking for matching resources in directory tree [F:\code\work_eclipse_test\learntest\learnback\target\test-classes\com\learnback]
2015-11-11 12:46:17,806 237   DEBUG [org.springframework.core.io.support.PathMatchingResourcePatternResolver] (main:) Searching directory [F:\code\work_eclipse_test\learntest\learnback\target\test-classes\com\learnback] for files matching pattern [F:/code/work_eclipse_test/learntest/learnback/target/test-classes/com/learnback/**/*.class]
2015-11-11 12:46:17,812 243   DEBUG [org.springframework.core.io.support.PathMatchingResourcePatternResolver] (main:) Looking for matching resources in directory tree [F:\code\work_eclipse_test\learntest\learnback\target\classes\com\learnback]
2015-11-11 12:46:17,812 243   DEBUG [org.springframework.core.io.support.PathMatchingResourcePatternResolver] (main:) Searching directory [F:\code\work_eclipse_test\learntest\learnback\target\classes\com\learnback] for files matching pattern [F:/code/work_eclipse_test/learntest/learnback/target/classes/com/learnback/**/*.class]
2015-11-11 12:46:17,813 244   DEBUG [org.springframework.core.io.support.PathMatchingResourcePatternResolver] (main:) Searching directory [F:\code\work_eclipse_test\learntest\learnback\target\classes\com\learnback\common] for files matching pattern [F:/code/work_eclipse_test/learntest/learnback/target/classes/com/learnback/**/*.class]
2015-11-11 12:46:17,816 247   DEBUG [org.springframework.core.io.support.PathMatchingResourcePatternResolver] (main:) Searching directory [F:\code\work_eclipse_test\learntest\learnback\target\classes\com\learnback\common\dao] for files matching pattern [F:/code/work_eclipse_test/learntest/learnback/target/classes/com/learnback/**/*.class]
2015-11-11 12:46:17,817 248   DEBUG [org.springframework.core.io.support.PathMatchingResourcePatternResolver] (main:) Searching directory [F:\code\work_eclipse_test\learntest\learnback\target\classes\com\learnback\dao] for files matching pattern [F:/code/work_eclipse_test/learntest/learnback/target/classes/com/learnback/**/*.class]
2015-11-11 12:46:17,818 249   DEBUG [org.springframework.core.io.support.PathMatchingResourcePatternResolver] (main:) Searching directory [F:\code\work_eclipse_test\learntest\learnback\target\classes\com\learnback\dao\impl] for files matching pattern [F:/code/work_eclipse_test/learntest/learnback/target/classes/com/learnback/**/*.class]
2015-11-11 12:46:17,821 252   DEBUG [org.springframework.core.io.support.PathMatchingResourcePatternResolver] (main:) Searching directory [F:\code\work_eclipse_test\learntest\learnback\target\classes\com\learnback\entity] for files matching pattern [F:/code/work_eclipse_test/learntest/learnback/target/classes/com/learnback/**/*.class]
2015-11-11 12:46:17,823 254   DEBUG [org.springframework.core.io.support.PathMatchingResourcePatternResolver] (main:) Searching directory [F:\code\work_eclipse_test\learntest\learnback\target\classes\com\learnback\mapper] for files matching pattern [F:/code/work_eclipse_test/learntest/learnback/target/classes/com/learnback/**/*.class]
2015-11-11 12:46:17,824 255   DEBUG [org.springframework.core.io.support.PathMatchingResourcePatternResolver] (main:) Searching directory [F:\code\work_eclipse_test\learntest\learnback\target\classes\com\learnback\server] for files matching pattern [F:/code/work_eclipse_test/learntest/learnback/target/classes/com/learnback/**/*.class]
2015-11-11 12:46:17,825 256   DEBUG [org.springframework.core.io.support.PathMatchingResourcePatternResolver] (main:) Searching directory [F:\code\work_eclipse_test\learntest\learnback\target\classes\com\learnback\service] for files matching pattern [F:/code/work_eclipse_test/learntest/learnback/target/classes/com/learnback/**/*.class]
2015-11-11 12:46:17,826 257   DEBUG [org.springframework.core.io.support.PathMatchingResourcePatternResolver] (main:) Searching directory [F:\code\work_eclipse_test\learntest\learnback\target\classes\com\learnback\service\impl] for files matching pattern [F:/code/work_eclipse_test/learntest/learnback/target/classes/com/learnback/**/*.class]
2015-11-11 12:46:17,829 260   DEBUG [org.springframework.core.io.support.PathMatchingResourcePatternResolver] (main:) Looking for matching resources in directory tree [F:\code\work_eclipse_test\learntest\learnsqlmapper\target\classes\com\learnback]
2015-11-11 12:46:17,829 260   DEBUG [org.springframework.core.io.support.PathMatchingResourcePatternResolver] (main:) Searching directory [F:\code\work_eclipse_test\learntest\learnsqlmapper\target\classes\com\learnback] for files matching pattern [F:/code/work_eclipse_test/learntest/learnsqlmapper/target/classes/com/learnback/**/*.class]
2015-11-11 12:46:17,829 260   DEBUG [org.springframework.core.io.support.PathMatchingResourcePatternResolver] (main:) Searching directory [F:\code\work_eclipse_test\learntest\learnsqlmapper\target\classes\com\learnback\mapper] for files matching pattern [F:/code/work_eclipse_test/learntest/learnsqlmapper/target/classes/com/learnback/**/*.class]
2015-11-11 12:46:17,831 262   DEBUG [org.springframework.core.io.support.PathMatchingResourcePatternResolver] (main:) Resolved location pattern [classpath*:com/learnback/**/*.class] to resources [file [F:\code\work_eclipse_test\learntest\learnback\target\test-classes\com\learnback\AlivedIpChecker.class], file [F:\code\work_eclipse_test\learntest\learnback\target\test-classes\com\learnback\AlivedIpCheckerTest.class], file [F:\code\work_eclipse_test\learntest\learnback\target\test-classes\com\learnback\AppTest.class], file [F:\code\work_eclipse_test\learntest\learnback\target\test-classes\com\learnback\MapGenerecTest.class], file [F:\code\work_eclipse_test\learntest\learnback\target\test-classes\com\learnback\MapTestServer.class], file [F:\code\work_eclipse_test\learntest\learnback\target\test-classes\com\learnback\ProxySocketAccessWeb$1.class], file [F:\code\work_eclipse_test\learntest\learnback\target\test-classes\com\learnback\ProxySocketAccessWeb.class], file [F:\code\work_eclipse_test\learntest\learnback\target\classes\com\learnback\App.class], file [F:\code\work_eclipse_test\learntest\learnback\target\classes\com\learnback\common\dao\CommonDao.class], file [F:\code\work_eclipse_test\learntest\learnback\target\classes\com\learnback\dao\GsmsContactDao.class], file [F:\code\work_eclipse_test\learntest\learnback\target\classes\com\learnback\dao\impl\DefaultGsmsContactDao.class], file [F:\code\work_eclipse_test\learntest\learnback\target\classes\com\learnback\dao\impl\DefaultUserDao.class], file [F:\code\work_eclipse_test\learntest\learnback\target\classes\com\learnback\dao\UserDao.class], file [F:\code\work_eclipse_test\learntest\learnback\target\classes\com\learnback\entity\GsmsContact.class], file [F:\code\work_eclipse_test\learntest\learnback\target\classes\com\learnback\mapper\GsmsContactMapper.class], file [F:\code\work_eclipse_test\learntest\learnback\target\classes\com\learnback\mapper\UserMapper.class], file [F:\code\work_eclipse_test\learntest\learnback\target\classes\com\learnback\server\LearnBackServer.class], file [F:\code\work_eclipse_test\learntest\learnback\target\classes\com\learnback\service\GsmsContactService.class], file [F:\code\work_eclipse_test\learntest\learnback\target\classes\com\learnback\service\impl\DefaultGsmsContactService.class], file [F:\code\work_eclipse_test\learntest\learnback\target\classes\com\learnback\service\impl\DefaultUserService.class], file [F:\code\work_eclipse_test\learntest\learnback\target\classes\com\learnback\service\UserService.class]]
2015-11-11 12:46:17,853 284   DEBUG [org.springframework.context.annotation.ClassPathBeanDefinitionScanner] (main:) Identified candidate component class: file [F:\code\work_eclipse_test\learntest\learnback\target\classes\com\learnback\dao\impl\DefaultGsmsContactDao.class]
2015-11-11 12:46:17,854 285   DEBUG [org.springframework.context.annotation.ClassPathBeanDefinitionScanner] (main:) Identified candidate component class: file [F:\code\work_eclipse_test\learntest\learnback\target\classes\com\learnback\dao\impl\DefaultUserDao.class]
2015-11-11 12:46:17,858 289   DEBUG [org.springframework.context.annotation.ClassPathBeanDefinitionScanner] (main:) Identified candidate component class: file [F:\code\work_eclipse_test\learntest\learnback\target\classes\com\learnback\service\impl\DefaultGsmsContactService.class]
2015-11-11 12:46:17,858 289   DEBUG [org.springframework.context.annotation.ClassPathBeanDefinitionScanner] (main:) Identified candidate component class: file [F:\code\work_eclipse_test\learntest\learnback\target\classes\com\learnback\service\impl\DefaultUserService.class]
2015-11-11 12:46:17,863 294   DEBUG [org.springframework.beans.factory.xml.XmlBeanDefinitionReader] (main:) Loaded 12 bean definitions from location pattern [spring-context.xml]
2015-11-11 12:46:17,863 294   DEBUG [org.springframework.context.support.ClassPathXmlApplicationContext] (main:) Bean factory for org.springframework.context.support.ClassPathXmlApplicationContext@675dd521: org.springframework.beans.factory.support.DefaultListableBeanFactory@2e9e799: defining beans [outerDataSource,outerSessionFactory,org.springframework.context.annotation.internalConfigurationAnnotationProcessor,org.springframework.context.annotation.internalAutowiredAnnotationProcessor,org.springframework.context.annotation.internalRequiredAnnotationProcessor,org.springframework.context.annotation.internalCommonAnnotationProcessor,defaultGsmsContactDao,defaultUserDao,defaultGsmsContactService,defaultUserService,propertyConfigurer,mapTest]; root of factory hierarchy
2015-11-11 12:46:17,887 318   DEBUG [org.springframework.beans.factory.support.DefaultListableBeanFactory] (main:) Creating shared instance of singleton bean 'org.springframework.context.annotation.internalConfigurationAnnotationProcessor'
2015-11-11 12:46:17,887 318   DEBUG [org.springframework.beans.factory.support.DefaultListableBeanFactory] (main:) Creating instance of bean 'org.springframework.context.annotation.internalConfigurationAnnotationProcessor'
2015-11-11 12:46:17,902 333   DEBUG [org.springframework.beans.factory.support.DefaultListableBeanFactory] (main:) Eagerly caching bean 'org.springframework.context.annotation.internalConfigurationAnnotationProcessor' to allow for resolving potential circular references
2015-11-11 12:46:17,903 334   DEBUG [org.springframework.beans.factory.support.DefaultListableBeanFactory] (main:) Finished creating instance of bean 'org.springframework.context.annotation.internalConfigurationAnnotationProcessor'
2015-11-11 12:46:17,932 363   DEBUG [org.springframework.beans.factory.support.DefaultListableBeanFactory] (main:) Creating shared instance of singleton bean 'propertyConfigurer'
2015-11-11 12:46:17,932 363   DEBUG [org.springframework.beans.factory.support.DefaultListableBeanFactory] (main:) Creating instance of bean 'propertyConfigurer'
2015-11-11 12:46:17,934 365   DEBUG [org.springframework.beans.factory.support.DefaultListableBeanFactory] (main:) Eagerly caching bean 'propertyConfigurer' to allow for resolving potential circular references
2015-11-11 12:46:17,960 391   DEBUG [org.springframework.beans.factory.support.DefaultListableBeanFactory] (main:) Finished creating instance of bean 'propertyConfigurer'
2015-11-11 12:46:17,961 392   INFO  [org.springframework.beans.factory.config.PropertyPlaceholderConfigurer] (main:) Loading properties file from class path resource [jdbc.properties]
2015-11-11 12:46:17,961 392   INFO  [org.springframework.beans.factory.config.PropertyPlaceholderConfigurer] (main:) Loading properties file from class path resource [system.properties]
2015-11-11 12:46:17,965 396   DEBUG [org.springframework.beans.factory.support.DefaultListableBeanFactory] (main:) Creating shared instance of singleton bean 'org.springframework.context.annotation.internalAutowiredAnnotationProcessor'
2015-11-11 12:46:17,965 396   DEBUG [org.springframework.beans.factory.support.DefaultListableBeanFactory] (main:) Creating instance of bean 'org.springframework.context.annotation.internalAutowiredAnnotationProcessor'
2015-11-11 12:46:17,965 396   DEBUG [org.springframework.beans.factory.support.DefaultListableBeanFactory] (main:) Eagerly caching bean 'org.springframework.context.annotation.internalAutowiredAnnotationProcessor' to allow for resolving potential circular references
2015-11-11 12:46:17,966 397   DEBUG [org.springframework.beans.factory.support.DefaultListableBeanFactory] (main:) Finished creating instance of bean 'org.springframework.context.annotation.internalAutowiredAnnotationProcessor'
2015-11-11 12:46:17,966 397   DEBUG [org.springframework.beans.factory.support.DefaultListableBeanFactory] (main:) Creating shared instance of singleton bean 'org.springframework.context.annotation.internalRequiredAnnotationProcessor'
2015-11-11 12:46:17,966 397   DEBUG [org.springframework.beans.factory.support.DefaultListableBeanFactory] (main:) Creating instance of bean 'org.springframework.context.annotation.internalRequiredAnnotationProcessor'
2015-11-11 12:46:17,967 398   DEBUG [org.springframework.beans.factory.support.DefaultListableBeanFactory] (main:) Eagerly caching bean 'org.springframework.context.annotation.internalRequiredAnnotationProcessor' to allow for resolving potential circular references
2015-11-11 12:46:17,967 398   DEBUG [org.springframework.beans.factory.support.DefaultListableBeanFactory] (main:) Finished creating instance of bean 'org.springframework.context.annotation.internalRequiredAnnotationProcessor'
2015-11-11 12:46:17,967 398   DEBUG [org.springframework.beans.factory.support.DefaultListableBeanFactory] (main:) Creating shared instance of singleton bean 'org.springframework.context.annotation.internalCommonAnnotationProcessor'
2015-11-11 12:46:17,967 398   DEBUG [org.springframework.beans.factory.support.DefaultListableBeanFactory] (main:) Creating instance of bean 'org.springframework.context.annotation.internalCommonAnnotationProcessor'
2015-11-11 12:46:17,971 402   DEBUG [org.springframework.beans.factory.support.DefaultListableBeanFactory] (main:) Eagerly caching bean 'org.springframework.context.annotation.internalCommonAnnotationProcessor' to allow for resolving potential circular references
2015-11-11 12:46:17,972 403   DEBUG [org.springframework.beans.factory.support.DefaultListableBeanFactory] (main:) Finished creating instance of bean 'org.springframework.context.annotation.internalCommonAnnotationProcessor'
2015-11-11 12:46:17,972 403   DEBUG [org.springframework.beans.factory.support.DefaultListableBeanFactory] (main:) Creating shared instance of singleton bean 'org.springframework.context.annotation.ConfigurationClassPostProcessor$ImportAwareBeanPostProcessor#0'
2015-11-11 12:46:17,972 403   DEBUG [org.springframework.beans.factory.support.DefaultListableBeanFactory] (main:) Creating instance of bean 'org.springframework.context.annotation.ConfigurationClassPostProcessor$ImportAwareBeanPostProcessor#0'
2015-11-11 12:46:17,973 404   DEBUG [org.springframework.beans.factory.support.DefaultListableBeanFactory] (main:) Eagerly caching bean 'org.springframework.context.annotation.ConfigurationClassPostProcessor$ImportAwareBeanPostProcessor#0' to allow for resolving potential circular references
2015-11-11 12:46:17,973 404   DEBUG [org.springframework.beans.factory.support.DefaultListableBeanFactory] (main:) Finished creating instance of bean 'org.springframework.context.annotation.ConfigurationClassPostProcessor$ImportAwareBeanPostProcessor#0'
2015-11-11 12:46:17,975 406   DEBUG [org.springframework.context.support.ClassPathXmlApplicationContext] (main:) Unable to locate MessageSource with name 'messageSource': using default [org.springframework.context.support.DelegatingMessageSource@9320ebf]
2015-11-11 12:46:17,977 408   DEBUG [org.springframework.context.support.ClassPathXmlApplicationContext] (main:) Unable to locate ApplicationEventMulticaster with name 'applicationEventMulticaster': using default [org.springframework.context.event.SimpleApplicationEventMulticaster@398d9278]
2015-11-11 12:46:17,978 409   INFO  [org.springframework.beans.factory.support.DefaultListableBeanFactory] (main:) Pre-instantiating singletons in org.springframework.beans.factory.support.DefaultListableBeanFactory@2e9e799: defining beans [outerDataSource,outerSessionFactory,org.springframework.context.annotation.internalConfigurationAnnotationProcessor,org.springframework.context.annotation.internalAutowiredAnnotationProcessor,org.springframework.context.annotation.internalRequiredAnnotationProcessor,org.springframework.context.annotation.internalCommonAnnotationProcessor,defaultGsmsContactDao,defaultUserDao,defaultGsmsContactService,defaultUserService,propertyConfigurer,mapTest,org.springframework.context.annotation.ConfigurationClassPostProcessor$ImportAwareBeanPostProcessor#0]; root of factory hierarchy
2015-11-11 12:46:17,979 410   DEBUG [org.springframework.beans.factory.support.DefaultListableBeanFactory] (main:) Creating shared instance of singleton bean 'outerDataSource'
2015-11-11 12:46:17,979 410   DEBUG [org.springframework.beans.factory.support.DefaultListableBeanFactory] (main:) Creating instance of bean 'outerDataSource'
2015-11-11 12:46:17,993 424   DEBUG [org.springframework.beans.factory.support.DefaultListableBeanFactory] (main:) Eagerly caching bean 'outerDataSource' to allow for resolving potential circular references
2015-11-11 12:46:18,011 442   DEBUG [org.springframework.core.env.StandardEnvironment] (main:) Initializing new StandardEnvironment
2015-11-11 12:46:18,011 442   DEBUG [org.springframework.core.env.StandardEnvironment] (main:) Adding [systemProperties] PropertySource with lowest search precedence
2015-11-11 12:46:18,012 443   DEBUG [org.springframework.core.env.StandardEnvironment] (main:) Adding [systemEnvironment] PropertySource with lowest search precedence
2015-11-11 12:46:18,012 443   DEBUG [org.springframework.core.env.StandardEnvironment] (main:) Initialized StandardEnvironment with PropertySources [systemProperties,systemEnvironment]
2015-11-11 12:46:18,012 443   DEBUG [org.springframework.core.env.StandardEnvironment] (main:) Initializing new StandardEnvironment
2015-11-11 12:46:18,013 444   DEBUG [org.springframework.core.env.StandardEnvironment] (main:) Adding [systemProperties] PropertySource with lowest search precedence
2015-11-11 12:46:18,013 444   DEBUG [org.springframework.core.env.StandardEnvironment] (main:) Adding [systemEnvironment] PropertySource with lowest search precedence
2015-11-11 12:46:18,013 444   DEBUG [org.springframework.core.env.StandardEnvironment] (main:) Initialized StandardEnvironment with PropertySources [systemProperties,systemEnvironment]
2015-11-11 12:46:18,014 445   DEBUG [org.springframework.core.env.StandardEnvironment] (main:) Initializing new StandardEnvironment
2015-11-11 12:46:18,014 445   DEBUG [org.springframework.core.env.StandardEnvironment] (main:) Adding [systemProperties] PropertySource with lowest search precedence
2015-11-11 12:46:18,014 445   DEBUG [org.springframework.core.env.StandardEnvironment] (main:) Adding [systemEnvironment] PropertySource with lowest search precedence
2015-11-11 12:46:18,014 445   DEBUG [org.springframework.core.env.StandardEnvironment] (main:) Initialized StandardEnvironment with PropertySources [systemProperties,systemEnvironment]
2015-11-11 12:46:18,016 447   DEBUG [org.springframework.core.env.StandardEnvironment] (main:) Initializing new StandardEnvironment
2015-11-11 12:46:18,016 447   DEBUG [org.springframework.core.env.StandardEnvironment] (main:) Adding [systemProperties] PropertySource with lowest search precedence
2015-11-11 12:46:18,017 448   DEBUG [org.springframework.core.env.StandardEnvironment] (main:) Adding [systemEnvironment] PropertySource with lowest search precedence
2015-11-11 12:46:18,017 448   DEBUG [org.springframework.core.env.StandardEnvironment] (main:) Initialized StandardEnvironment with PropertySources [systemProperties,systemEnvironment]
2015-11-11 12:46:18,018 449   DEBUG [org.springframework.core.env.StandardEnvironment] (main:) Initializing new StandardEnvironment
2015-11-11 12:46:18,018 449   DEBUG [org.springframework.core.env.StandardEnvironment] (main:) Adding [systemProperties] PropertySource with lowest search precedence
2015-11-11 12:46:18,018 449   DEBUG [org.springframework.core.env.StandardEnvironment] (main:) Adding [systemEnvironment] PropertySource with lowest search precedence
2015-11-11 12:46:18,019 450   DEBUG [org.springframework.core.env.StandardEnvironment] (main:) Initialized StandardEnvironment with PropertySources [systemProperties,systemEnvironment]
2015-11-11 12:46:18,025 456   DEBUG [org.springframework.beans.factory.support.DefaultListableBeanFactory] (main:) Finished creating instance of bean 'outerDataSource'
2015-11-11 12:46:18,026 457   DEBUG [org.springframework.beans.factory.support.DefaultListableBeanFactory] (main:) Creating shared instance of singleton bean 'outerSessionFactory'
2015-11-11 12:46:18,026 457   DEBUG [org.springframework.beans.factory.support.DefaultListableBeanFactory] (main:) Creating instance of bean 'outerSessionFactory'
2015-11-11 12:46:18,029 460   DEBUG [org.springframework.beans.factory.support.DefaultListableBeanFactory] (main:) Eagerly caching bean 'outerSessionFactory' to allow for resolving potential circular references
2015-11-11 12:46:18,032 463   DEBUG [org.springframework.beans.factory.support.DefaultListableBeanFactory] (main:) Returning cached instance of singleton bean 'outerDataSource'
2015-11-11 12:46:18,035 466   DEBUG [org.springframework.beans.factory.support.DefaultListableBeanFactory] (main:) Invoking afterPropertiesSet() on bean with name 'outerSessionFactory'
2015-11-11 12:46:18,086 517   DEBUG [org.apache.ibatis.logging.LogFactory] (main:) Logging initialized using 'org.apache.ibatis.logging.slf4j.Slf4jImpl' adapter.
2015-11-11 12:46:18,169 600   DEBUG [org.springframework.beans.factory.support.DefaultListableBeanFactory] (main:) Finished creating instance of bean 'outerSessionFactory'
2015-11-11 12:46:18,170 601   DEBUG [org.springframework.beans.factory.support.DefaultListableBeanFactory] (main:) Returning cached instance of singleton bean 'org.springframework.context.annotation.internalConfigurationAnnotationProcessor'
2015-11-11 12:46:18,170 601   DEBUG [org.springframework.beans.factory.support.DefaultListableBeanFactory] (main:) Returning cached instance of singleton bean 'org.springframework.context.annotation.internalAutowiredAnnotationProcessor'
2015-11-11 12:46:18,170 601   DEBUG [org.springframework.beans.factory.support.DefaultListableBeanFactory] (main:) Returning cached instance of singleton bean 'org.springframework.context.annotation.internalRequiredAnnotationProcessor'
2015-11-11 12:46:18,170 601   DEBUG [org.springframework.beans.factory.support.DefaultListableBeanFactory] (main:) Returning cached instance of singleton bean 'org.springframework.context.annotation.internalCommonAnnotationProcessor'
2015-11-11 12:46:18,170 601   DEBUG [org.springframework.beans.factory.support.DefaultListableBeanFactory] (main:) Creating shared instance of singleton bean 'defaultGsmsContactDao'
2015-11-11 12:46:18,171 602   DEBUG [org.springframework.beans.factory.support.DefaultListableBeanFactory] (main:) Creating instance of bean 'defaultGsmsContactDao'
2015-11-11 12:46:18,177 608   DEBUG [org.springframework.beans.factory.annotation.InjectionMetadata] (main:) Found injected element on class [com.learnback.dao.impl.DefaultGsmsContactDao]: AutowiredMethodElement for public void com.learnback.common.dao.CommonDao.setSqlSessionFactory(org.apache.ibatis.session.SqlSessionFactory)
2015-11-11 12:46:18,177 608   DEBUG [org.springframework.beans.factory.support.DefaultListableBeanFactory] (main:) Eagerly caching bean 'defaultGsmsContactDao' to allow for resolving potential circular references
2015-11-11 12:46:18,179 610   DEBUG [org.springframework.beans.factory.annotation.InjectionMetadata] (main:) Processing injected method of bean 'defaultGsmsContactDao': AutowiredMethodElement for public void com.learnback.common.dao.CommonDao.setSqlSessionFactory(org.apache.ibatis.session.SqlSessionFactory)
2015-11-11 12:46:18,181 612   DEBUG [org.springframework.beans.factory.support.DefaultListableBeanFactory] (main:) Returning cached instance of singleton bean 'outerSessionFactory'
2015-11-11 12:46:18,181 612   DEBUG [org.springframework.beans.factory.annotation.AutowiredAnnotationBeanPostProcessor] (main:) Autowiring by type from bean name 'defaultGsmsContactDao' to bean named 'outerSessionFactory'
2015-11-11 12:46:18,182 613   DEBUG [org.springframework.beans.factory.support.DefaultListableBeanFactory] (main:) Finished creating instance of bean 'defaultGsmsContactDao'
2015-11-11 12:46:18,182 613   DEBUG [org.springframework.beans.factory.support.DefaultListableBeanFactory] (main:) Creating shared instance of singleton bean 'defaultUserDao'
2015-11-11 12:46:18,182 613   DEBUG [org.springframework.beans.factory.support.DefaultListableBeanFactory] (main:) Creating instance of bean 'defaultUserDao'
2015-11-11 12:46:18,183 614   DEBUG [org.springframework.beans.factory.annotation.InjectionMetadata] (main:) Found injected element on class [com.learnback.dao.impl.DefaultUserDao]: AutowiredMethodElement for public void com.learnback.common.dao.CommonDao.setSqlSessionFactory(org.apache.ibatis.session.SqlSessionFactory)
2015-11-11 12:46:18,183 614   DEBUG [org.springframework.beans.factory.support.DefaultListableBeanFactory] (main:) Eagerly caching bean 'defaultUserDao' to allow for resolving potential circular references
2015-11-11 12:46:18,186 617   DEBUG [org.springframework.beans.factory.annotation.InjectionMetadata] (main:) Processing injected method of bean 'defaultUserDao': AutowiredMethodElement for public void com.learnback.common.dao.CommonDao.setSqlSessionFactory(org.apache.ibatis.session.SqlSessionFactory)
2015-11-11 12:46:18,186 617   DEBUG [org.springframework.beans.factory.support.DefaultListableBeanFactory] (main:) Returning cached instance of singleton bean 'outerSessionFactory'
2015-11-11 12:46:18,186 617   DEBUG [org.springframework.beans.factory.annotation.AutowiredAnnotationBeanPostProcessor] (main:) Autowiring by type from bean name 'defaultUserDao' to bean named 'outerSessionFactory'
2015-11-11 12:46:18,186 617   DEBUG [org.springframework.beans.factory.support.DefaultListableBeanFactory] (main:) Finished creating instance of bean 'defaultUserDao'
2015-11-11 12:46:18,186 617   DEBUG [org.springframework.beans.factory.support.DefaultListableBeanFactory] (main:) Creating shared instance of singleton bean 'defaultGsmsContactService'
2015-11-11 12:46:18,187 618   DEBUG [org.springframework.beans.factory.support.DefaultListableBeanFactory] (main:) Creating instance of bean 'defaultGsmsContactService'
2015-11-11 12:46:18,187 618   DEBUG [org.springframework.beans.factory.annotation.InjectionMetadata] (main:) Found injected element on class [com.learnback.service.impl.DefaultGsmsContactService]: AutowiredFieldElement for private com.learnback.dao.GsmsContactDao com.learnback.service.impl.DefaultGsmsContactService.contactDao
2015-11-11 12:46:18,187 618   DEBUG [org.springframework.beans.factory.support.DefaultListableBeanFactory] (main:) Eagerly caching bean 'defaultGsmsContactService' to allow for resolving potential circular references
2015-11-11 12:46:18,189 620   DEBUG [org.springframework.beans.factory.annotation.InjectionMetadata] (main:) Processing injected method of bean 'defaultGsmsContactService': AutowiredFieldElement for private com.learnback.dao.GsmsContactDao com.learnback.service.impl.DefaultGsmsContactService.contactDao
2015-11-11 12:46:18,189 620   DEBUG [org.springframework.beans.factory.support.DefaultListableBeanFactory] (main:) Returning cached instance of singleton bean 'defaultGsmsContactDao'
2015-11-11 12:46:18,189 620   DEBUG [org.springframework.beans.factory.annotation.AutowiredAnnotationBeanPostProcessor] (main:) Autowiring by type from bean name 'defaultGsmsContactService' to bean named 'defaultGsmsContactDao'
2015-11-11 12:46:18,190 621   DEBUG [org.springframework.beans.factory.support.DefaultListableBeanFactory] (main:) Finished creating instance of bean 'defaultGsmsContactService'
2015-11-11 12:46:18,190 621   DEBUG [org.springframework.beans.factory.support.DefaultListableBeanFactory] (main:) Creating shared instance of singleton bean 'defaultUserService'
2015-11-11 12:46:18,190 621   DEBUG [org.springframework.beans.factory.support.DefaultListableBeanFactory] (main:) Creating instance of bean 'defaultUserService'
2015-11-11 12:46:18,192 623   DEBUG [org.springframework.beans.factory.annotation.InjectionMetadata] (main:) Found injected element on class [com.learnback.service.impl.DefaultUserService]: AutowiredMethodElement for public void com.learnback.service.impl.DefaultUserService.setUserDao(com.learnback.dao.UserDao)
2015-11-11 12:46:18,192 623   DEBUG [org.springframework.beans.factory.support.DefaultListableBeanFactory] (main:) Eagerly caching bean 'defaultUserService' to allow for resolving potential circular references
2015-11-11 12:46:18,193 624   DEBUG [org.springframework.beans.factory.annotation.InjectionMetadata] (main:) Processing injected method of bean 'defaultUserService': AutowiredMethodElement for public void com.learnback.service.impl.DefaultUserService.setUserDao(com.learnback.dao.UserDao)
2015-11-11 12:46:18,193 624   DEBUG [org.springframework.beans.factory.support.DefaultListableBeanFactory] (main:) Returning cached instance of singleton bean 'defaultUserDao'
2015-11-11 12:46:18,193 624   DEBUG [org.springframework.beans.factory.annotation.AutowiredAnnotationBeanPostProcessor] (main:) Autowiring by type from bean name 'defaultUserService' to bean named 'defaultUserDao'
2015-11-11 12:46:18,193 624   DEBUG [org.springframework.beans.factory.support.DefaultListableBeanFactory] (main:) Finished creating instance of bean 'defaultUserService'
2015-11-11 12:46:18,194 625   DEBUG [org.springframework.beans.factory.support.DefaultListableBeanFactory] (main:) Returning cached instance of singleton bean 'propertyConfigurer'
2015-11-11 12:46:18,194 625   DEBUG [org.springframework.beans.factory.support.DefaultListableBeanFactory] (main:) Creating shared instance of singleton bean 'mapTest'
2015-11-11 12:46:18,194 625   DEBUG [org.springframework.beans.factory.support.DefaultListableBeanFactory] (main:) Creating instance of bean 'mapTest'
2015-11-11 12:46:18,194 625   DEBUG [org.springframework.beans.factory.support.DefaultListableBeanFactory] (main:) Eagerly caching bean 'mapTest' to allow for resolving potential circular references
2015-11-11 12:46:18,197 628   INFO  [org.springframework.beans.factory.support.DefaultListableBeanFactory] (main:) Destroying singletons in org.springframework.beans.factory.support.DefaultListableBeanFactory@2e9e799: defining beans [outerDataSource,outerSessionFactory,org.springframework.context.annotation.internalConfigurationAnnotationProcessor,org.springframework.context.annotation.internalAutowiredAnnotationProcessor,org.springframework.context.annotation.internalRequiredAnnotationProcessor,org.springframework.context.annotation.internalCommonAnnotationProcessor,defaultGsmsContactDao,defaultUserDao,defaultGsmsContactService,defaultUserService,propertyConfigurer,mapTest,org.springframework.context.annotation.ConfigurationClassPostProcessor$ImportAwareBeanPostProcessor#0]; root of factory hierarchy
2015-11-11 12:46:18,198 629   DEBUG [org.springframework.beans.factory.support.DisposableBeanAdapter] (main:) Invoking destroy method 'close' on bean with name 'outerDataSource'
2015-11-11 12:47:19,615 0     DEBUG [org.springframework.core.env.StandardEnvironment] (main:) Initializing new StandardEnvironment
2015-11-11 12:47:19,620 5     DEBUG [org.springframework.core.env.StandardEnvironment] (main:) Adding [systemProperties] PropertySource with lowest search precedence
2015-11-11 12:47:19,621 6     DEBUG [org.springframework.core.env.StandardEnvironment] (main:) Adding [systemEnvironment] PropertySource with lowest search precedence
2015-11-11 12:47:19,622 7     DEBUG [org.springframework.core.env.StandardEnvironment] (main:) Initialized StandardEnvironment with PropertySources [systemProperties,systemEnvironment]
2015-11-11 12:47:19,627 12    INFO  [org.springframework.context.support.ClassPathXmlApplicationContext] (main:) Refreshing org.springframework.context.support.ClassPathXmlApplicationContext@1b3bae89: startup date [Wed Nov 11 12:47:19 GMT+08:00 2015]; root of context hierarchy
2015-11-11 12:47:19,665 50    DEBUG [org.springframework.core.env.StandardEnvironment] (main:) Initializing new StandardEnvironment
2015-11-11 12:47:19,666 51    DEBUG [org.springframework.core.env.StandardEnvironment] (main:) Adding [systemProperties] PropertySource with lowest search precedence
2015-11-11 12:47:19,666 51    DEBUG [org.springframework.core.env.StandardEnvironment] (main:) Adding [systemEnvironment] PropertySource with lowest search precedence
2015-11-11 12:47:19,666 51    DEBUG [org.springframework.core.env.StandardEnvironment] (main:) Initialized StandardEnvironment with PropertySources [systemProperties,systemEnvironment]
2015-11-11 12:47:19,667 52    DEBUG [org.springframework.core.env.StandardEnvironment] (main:) Initializing new StandardEnvironment
2015-11-11 12:47:19,667 52    DEBUG [org.springframework.core.env.StandardEnvironment] (main:) Adding [systemProperties] PropertySource with lowest search precedence
2015-11-11 12:47:19,667 52    DEBUG [org.springframework.core.env.StandardEnvironment] (main:) Adding [systemEnvironment] PropertySource with lowest search precedence
2015-11-11 12:47:19,668 53    DEBUG [org.springframework.core.env.StandardEnvironment] (main:) Initialized StandardEnvironment with PropertySources [systemProperties,systemEnvironment]
2015-11-11 12:47:19,678 63    INFO  [org.springframework.beans.factory.xml.XmlBeanDefinitionReader] (main:) Loading XML bean definitions from class path resource [spring-context.xml]
2015-11-11 12:47:19,680 65    DEBUG [org.springframework.beans.factory.xml.DefaultDocumentLoader] (main:) Using JAXP provider [com.sun.org.apache.xerces.internal.jaxp.DocumentBuilderFactoryImpl]
2015-11-11 12:47:19,696 81    DEBUG [org.springframework.beans.factory.xml.PluggableSchemaResolver] (main:) Loading schema mappings from [META-INF/spring.schemas]
2015-11-11 12:47:19,700 85    DEBUG [org.springframework.beans.factory.xml.PluggableSchemaResolver] (main:) Loaded schema mappings: {http://mybatis.org/schema/mybatis-spring-1.2.xsd=org/mybatis/spring/config/mybatis-spring-1.2.xsd, http://www.springframework.org/schema/util/spring-util.xsd=org/springframework/beans/factory/xml/spring-util-3.1.xsd, http://www.springframework.org/schema/mvc/spring-mvc-3.1.xsd=org/springframework/web/servlet/config/spring-mvc-3.1.xsd, http://www.springframework.org/schema/beans/spring-beans-3.1.xsd=org/springframework/beans/factory/xml/spring-beans-3.1.xsd, http://www.springframework.org/schema/task/spring-task.xsd=org/springframework/scheduling/config/spring-task-3.1.xsd, http://www.springframework.org/schema/cache/spring-cache.xsd=org/springframework/cache/config/spring-cache-3.1.xsd, http://www.springframework.org/schema/aop/spring-aop-3.0.xsd=org/springframework/aop/config/spring-aop-3.0.xsd, http://www.springframework.org/schema/aop/spring-aop-2.0.xsd=org/springframework/aop/config/spring-aop-2.0.xsd, http://www.springframework.org/schema/task/spring-task-3.1.xsd=org/springframework/scheduling/config/spring-task-3.1.xsd, http://www.springframework.org/schema/tool/spring-tool-2.5.xsd=org/springframework/beans/factory/xml/spring-tool-2.5.xsd, http://www.springframework.org/schema/beans/spring-beans.xsd=org/springframework/beans/factory/xml/spring-beans-3.1.xsd, http://www.springframework.org/schema/jee/spring-jee-2.5.xsd=org/springframework/ejb/config/spring-jee-2.5.xsd, http://www.springframework.org/schema/jdbc/spring-jdbc-3.1.xsd=org/springframework/jdbc/config/spring-jdbc-3.1.xsd, http://www.springframework.org/schema/tool/spring-tool-3.1.xsd=org/springframework/beans/factory/xml/spring-tool-3.1.xsd, http://www.springframework.org/schema/aop/spring-aop.xsd=org/springframework/aop/config/spring-aop-3.1.xsd, http://www.springframework.org/schema/jee/spring-jee-3.1.xsd=org/springframework/ejb/config/spring-jee-3.1.xsd, http://www.springframework.org/schema/beans/spring-beans-2.0.xsd=org/springframework/beans/factory/xml/spring-beans-2.0.xsd, http://www.springframework.org/schema/mvc/spring-mvc-3.0.xsd=org/springframework/web/servlet/config/spring-mvc-3.0.xsd, http://www.springframework.org/schema/beans/spring-beans-3.0.xsd=org/springframework/beans/factory/xml/spring-beans-3.0.xsd, http://www.springframework.org/schema/task/spring-task-3.0.xsd=org/springframework/scheduling/config/spring-task-3.0.xsd, http://mybatis.org/schema/mybatis-spring.xsd=org/mybatis/spring/config/mybatis-spring-1.2.xsd, http://www.springframework.org/schema/tx/spring-tx-2.5.xsd=org/springframework/transaction/config/spring-tx-2.5.xsd, http://www.springframework.org/schema/context/spring-context-2.5.xsd=org/springframework/context/config/spring-context-2.5.xsd, http://www.springframework.org/schema/jdbc/spring-jdbc-3.0.xsd=org/springframework/jdbc/config/spring-jdbc-3.0.xsd, http://www.springframework.org/schema/tool/spring-tool-3.0.xsd=org/springframework/beans/factory/xml/spring-tool-3.0.xsd, http://www.springframework.org/schema/tx/spring-tx.xsd=org/springframework/transaction/config/spring-tx-3.1.xsd, http://www.springframework.org/schema/tool/spring-tool-2.0.xsd=org/springframework/beans/factory/xml/spring-tool-2.0.xsd, http://www.springframework.org/schema/util/spring-util-2.5.xsd=org/springframework/beans/factory/xml/spring-util-2.5.xsd, http://www.springframework.org/schema/lang/spring-lang.xsd=org/springframework/scripting/config/spring-lang-3.1.xsd, http://www.springframework.org/schema/lang/spring-lang-2.5.xsd=org/springframework/scripting/config/spring-lang-2.5.xsd, http://www.springframework.org/schema/jee/spring-jee-3.0.xsd=org/springframework/ejb/config/spring-jee-3.0.xsd, http://www.springframework.org/schema/tx/spring-tx-3.1.xsd=org/springframework/transaction/config/spring-tx-3.1.xsd, http://www.springframework.org/schema/jee/spring-jee-2.0.xsd=org/springframework/ejb/config/spring-jee-2.0.xsd, http://www.springframework.org/schema/context/spring-context-3.1.xsd=org/springframework/context/config/spring-context-3.1.xsd, http://www.springframework.org/schema/util/spring-util-3.1.xsd=org/springframework/beans/factory/xml/spring-util-3.1.xsd, http://www.springframework.org/schema/lang/spring-lang-3.1.xsd=org/springframework/scripting/config/spring-lang-3.1.xsd, http://www.springframework.org/schema/cache/spring-cache-3.1.xsd=org/springframework/cache/config/spring-cache-3.1.xsd, http://www.springframework.org/schema/context/spring-context.xsd=org/springframework/context/config/spring-context-3.1.xsd, http://www.springframework.org/schema/jee/spring-jee.xsd=org/springframework/ejb/config/spring-jee-3.1.xsd, http://www.springframework.org/schema/aop/spring-aop-2.5.xsd=org/springframework/aop/config/spring-aop-2.5.xsd, http://www.springframework.org/schema/mvc/spring-mvc.xsd=org/springframework/web/servlet/config/spring-mvc-3.1.xsd, http://www.springframework.org/schema/jdbc/spring-jdbc.xsd=org/springframework/jdbc/config/spring-jdbc-3.1.xsd, http://www.springframework.org/schema/tx/spring-tx-2.0.xsd=org/springframework/transaction/config/spring-tx-2.0.xsd, http://www.springframework.org/schema/aop/spring-aop-3.1.xsd=org/springframework/aop/config/spring-aop-3.1.xsd, http://www.springframework.org/schema/tx/spring-tx-3.0.xsd=org/springframework/transaction/config/spring-tx-3.0.xsd, http://www.springframework.org/schema/context/spring-context-3.0.xsd=org/springframework/context/config/spring-context-3.0.xsd, http://www.springframework.org/schema/tool/spring-tool.xsd=org/springframework/beans/factory/xml/spring-tool-3.1.xsd, http://www.springframework.org/schema/util/spring-util-3.0.xsd=org/springframework/beans/factory/xml/spring-util-3.0.xsd, http://www.springframework.org/schema/lang/spring-lang-3.0.xsd=org/springframework/scripting/config/spring-lang-3.0.xsd, http://www.springframework.org/schema/util/spring-util-2.0.xsd=org/springframework/beans/factory/xml/spring-util-2.0.xsd, http://www.springframework.org/schema/lang/spring-lang-2.0.xsd=org/springframework/scripting/config/spring-lang-2.0.xsd, http://www.springframework.org/schema/beans/spring-beans-2.5.xsd=org/springframework/beans/factory/xml/spring-beans-2.5.xsd}
2015-11-11 12:47:19,701 86    DEBUG [org.springframework.beans.factory.xml.PluggableSchemaResolver] (main:) Found XML schema [http://www.springframework.org/schema/beans/spring-beans-3.0.xsd] in classpath: org/springframework/beans/factory/xml/spring-beans-3.0.xsd
2015-11-11 12:47:19,734 119   DEBUG [org.springframework.beans.factory.xml.PluggableSchemaResolver] (main:) Found XML schema [http://www.springframework.org/schema/context/spring-context-3.0.xsd] in classpath: org/springframework/context/config/spring-context-3.0.xsd
2015-11-11 12:47:19,742 127   DEBUG [org.springframework.beans.factory.xml.PluggableSchemaResolver] (main:) Found XML schema [http://www.springframework.org/schema/tool/spring-tool-3.0.xsd] in classpath: org/springframework/beans/factory/xml/spring-tool-3.0.xsd
2015-11-11 12:47:19,753 138   DEBUG [org.springframework.beans.factory.xml.DefaultBeanDefinitionDocumentReader] (main:) Loading bean definitions
2015-11-11 12:47:19,761 146   INFO  [org.springframework.beans.factory.xml.XmlBeanDefinitionReader] (main:) Loading XML bean definitions from class path resource [spring-mybatis.xml]
2015-11-11 12:47:19,762 147   DEBUG [org.springframework.beans.factory.xml.DefaultDocumentLoader] (main:) Using JAXP provider [com.sun.org.apache.xerces.internal.jaxp.DocumentBuilderFactoryImpl]
2015-11-11 12:47:19,764 149   DEBUG [org.springframework.beans.factory.xml.PluggableSchemaResolver] (main:) Found XML schema [http://www.springframework.org/schema/beans/spring-beans-3.0.xsd] in classpath: org/springframework/beans/factory/xml/spring-beans-3.0.xsd
2015-11-11 12:47:19,780 165   DEBUG [org.springframework.beans.factory.xml.DefaultBeanDefinitionDocumentReader] (main:) Loading bean definitions
2015-11-11 12:47:19,789 174   DEBUG [org.springframework.beans.factory.xml.XmlBeanDefinitionReader] (main:) Loaded 2 bean definitions from location pattern [classpath:spring-mybatis.xml]
2015-11-11 12:47:19,789 174   DEBUG [org.springframework.beans.factory.xml.DefaultBeanDefinitionDocumentReader] (main:) Imported 2 bean definitions from URL location [classpath:spring-mybatis.xml]
2015-11-11 12:47:19,792 177   DEBUG [org.springframework.beans.factory.xml.DefaultNamespaceHandlerResolver] (main:) Loaded NamespaceHandler mappings: {http://www.springframework.org/schema/p=org.springframework.beans.factory.xml.SimplePropertyNamespaceHandler, http://www.springframework.org/schema/mvc=org.springframework.web.servlet.config.MvcNamespaceHandler, http://www.springframework.org/schema/util=org.springframework.beans.factory.xml.UtilNamespaceHandler, http://www.springframework.org/schema/jee=org.springframework.ejb.config.JeeNamespaceHandler, http://www.springframework.org/schema/aop=org.springframework.aop.config.AopNamespaceHandler, http://www.springframework.org/schema/jdbc=org.springframework.jdbc.config.JdbcNamespaceHandler, http://www.springframework.org/schema/cache=org.springframework.cache.config.CacheNamespaceHandler, http://mybatis.org/schema/mybatis-spring=org.mybatis.spring.config.NamespaceHandler, http://www.springframework.org/schema/c=org.springframework.beans.factory.xml.SimpleConstructorNamespaceHandler, http://www.springframework.org/schema/tx=org.springframework.transaction.config.TxNamespaceHandler, http://www.springframework.org/schema/task=org.springframework.scheduling.config.TaskNamespaceHandler, http://www.springframework.org/schema/lang=org.springframework.scripting.config.LangNamespaceHandler, http://www.springframework.org/schema/context=org.springframework.context.config.ContextNamespaceHandler}
2015-11-11 12:47:19,811 196   DEBUG [org.springframework.core.env.StandardEnvironment] (main:) Initializing new StandardEnvironment
2015-11-11 12:47:19,811 196   DEBUG [org.springframework.core.env.StandardEnvironment] (main:) Adding [systemProperties] PropertySource with lowest search precedence
2015-11-11 12:47:19,812 197   DEBUG [org.springframework.core.env.StandardEnvironment] (main:) Adding [systemEnvironment] PropertySource with lowest search precedence
2015-11-11 12:47:19,812 197   DEBUG [org.springframework.core.env.StandardEnvironment] (main:) Initialized StandardEnvironment with PropertySources [systemProperties,systemEnvironment]
2015-11-11 12:47:19,825 210   DEBUG [org.springframework.core.io.support.PathMatchingResourcePatternResolver] (main:) Looking for matching resources in directory tree [F:\code\work_eclipse_test\learntest\learnback\target\test-classes\com\learnback]
2015-11-11 12:47:19,825 210   DEBUG [org.springframework.core.io.support.PathMatchingResourcePatternResolver] (main:) Searching directory [F:\code\work_eclipse_test\learntest\learnback\target\test-classes\com\learnback] for files matching pattern [F:/code/work_eclipse_test/learntest/learnback/target/test-classes/com/learnback/**/*.class]
2015-11-11 12:47:19,831 216   DEBUG [org.springframework.core.io.support.PathMatchingResourcePatternResolver] (main:) Looking for matching resources in directory tree [F:\code\work_eclipse_test\learntest\learnback\target\classes\com\learnback]
2015-11-11 12:47:19,831 216   DEBUG [org.springframework.core.io.support.PathMatchingResourcePatternResolver] (main:) Searching directory [F:\code\work_eclipse_test\learntest\learnback\target\classes\com\learnback] for files matching pattern [F:/code/work_eclipse_test/learntest/learnback/target/classes/com/learnback/**/*.class]
2015-11-11 12:47:19,832 217   DEBUG [org.springframework.core.io.support.PathMatchingResourcePatternResolver] (main:) Searching directory [F:\code\work_eclipse_test\learntest\learnback\target\classes\com\learnback\common] for files matching pattern [F:/code/work_eclipse_test/learntest/learnback/target/classes/com/learnback/**/*.class]
2015-11-11 12:47:19,833 218   DEBUG [org.springframework.core.io.support.PathMatchingResourcePatternResolver] (main:) Searching directory [F:\code\work_eclipse_test\learntest\learnback\target\classes\com\learnback\common\dao] for files matching pattern [F:/code/work_eclipse_test/learntest/learnback/target/classes/com/learnback/**/*.class]
2015-11-11 12:47:19,834 219   DEBUG [org.springframework.core.io.support.PathMatchingResourcePatternResolver] (main:) Searching directory [F:\code\work_eclipse_test\learntest\learnback\target\classes\com\learnback\dao] for files matching pattern [F:/code/work_eclipse_test/learntest/learnback/target/classes/com/learnback/**/*.class]
2015-11-11 12:47:19,835 220   DEBUG [org.springframework.core.io.support.PathMatchingResourcePatternResolver] (main:) Searching directory [F:\code\work_eclipse_test\learntest\learnback\target\classes\com\learnback\dao\impl] for files matching pattern [F:/code/work_eclipse_test/learntest/learnback/target/classes/com/learnback/**/*.class]
2015-11-11 12:47:19,837 222   DEBUG [org.springframework.core.io.support.PathMatchingResourcePatternResolver] (main:) Searching directory [F:\code\work_eclipse_test\learntest\learnback\target\classes\com\learnback\entity] for files matching pattern [F:/code/work_eclipse_test/learntest/learnback/target/classes/com/learnback/**/*.class]
2015-11-11 12:47:19,838 223   DEBUG [org.springframework.core.io.support.PathMatchingResourcePatternResolver] (main:) Searching directory [F:\code\work_eclipse_test\learntest\learnback\target\classes\com\learnback\mapper] for files matching pattern [F:/code/work_eclipse_test/learntest/learnback/target/classes/com/learnback/**/*.class]
2015-11-11 12:47:19,839 224   DEBUG [org.springframework.core.io.support.PathMatchingResourcePatternResolver] (main:) Searching directory [F:\code\work_eclipse_test\learntest\learnback\target\classes\com\learnback\server] for files matching pattern [F:/code/work_eclipse_test/learntest/learnback/target/classes/com/learnback/**/*.class]
2015-11-11 12:47:19,840 225   DEBUG [org.springframework.core.io.support.PathMatchingResourcePatternResolver] (main:) Searching directory [F:\code\work_eclipse_test\learntest\learnback\target\classes\com\learnback\service] for files matching pattern [F:/code/work_eclipse_test/learntest/learnback/target/classes/com/learnback/**/*.class]
2015-11-11 12:47:19,841 226   DEBUG [org.springframework.core.io.support.PathMatchingResourcePatternResolver] (main:) Searching directory [F:\code\work_eclipse_test\learntest\learnback\target\classes\com\learnback\service\impl] for files matching pattern [F:/code/work_eclipse_test/learntest/learnback/target/classes/com/learnback/**/*.class]
2015-11-11 12:47:19,842 227   DEBUG [org.springframework.core.io.support.PathMatchingResourcePatternResolver] (main:) Looking for matching resources in directory tree [F:\code\work_eclipse_test\learntest\learnsqlmapper\target\classes\com\learnback]
2015-11-11 12:47:19,843 228   DEBUG [org.springframework.core.io.support.PathMatchingResourcePatternResolver] (main:) Searching directory [F:\code\work_eclipse_test\learntest\learnsqlmapper\target\classes\com\learnback] for files matching pattern [F:/code/work_eclipse_test/learntest/learnsqlmapper/target/classes/com/learnback/**/*.class]
2015-11-11 12:47:19,843 228   DEBUG [org.springframework.core.io.support.PathMatchingResourcePatternResolver] (main:) Searching directory [F:\code\work_eclipse_test\learntest\learnsqlmapper\target\classes\com\learnback\mapper] for files matching pattern [F:/code/work_eclipse_test/learntest/learnsqlmapper/target/classes/com/learnback/**/*.class]
2015-11-11 12:47:19,844 229   DEBUG [org.springframework.core.io.support.PathMatchingResourcePatternResolver] (main:) Resolved location pattern [classpath*:com/learnback/**/*.class] to resources [file [F:\code\work_eclipse_test\learntest\learnback\target\test-classes\com\learnback\AlivedIpChecker.class], file [F:\code\work_eclipse_test\learntest\learnback\target\test-classes\com\learnback\AlivedIpCheckerTest.class], file [F:\code\work_eclipse_test\learntest\learnback\target\test-classes\com\learnback\AppTest.class], file [F:\code\work_eclipse_test\learntest\learnback\target\test-classes\com\learnback\MapGenerecTest.class], file [F:\code\work_eclipse_test\learntest\learnback\target\test-classes\com\learnback\MapTestServer.class], file [F:\code\work_eclipse_test\learntest\learnback\target\test-classes\com\learnback\ProxySocketAccessWeb$1.class], file [F:\code\work_eclipse_test\learntest\learnback\target\test-classes\com\learnback\ProxySocketAccessWeb.class], file [F:\code\work_eclipse_test\learntest\learnback\target\classes\com\learnback\App.class], file [F:\code\work_eclipse_test\learntest\learnback\target\classes\com\learnback\common\dao\CommonDao.class], file [F:\code\work_eclipse_test\learntest\learnback\target\classes\com\learnback\dao\GsmsContactDao.class], file [F:\code\work_eclipse_test\learntest\learnback\target\classes\com\learnback\dao\impl\DefaultGsmsContactDao.class], file [F:\code\work_eclipse_test\learntest\learnback\target\classes\com\learnback\dao\impl\DefaultUserDao.class], file [F:\code\work_eclipse_test\learntest\learnback\target\classes\com\learnback\dao\UserDao.class], file [F:\code\work_eclipse_test\learntest\learnback\target\classes\com\learnback\entity\GsmsContact.class], file [F:\code\work_eclipse_test\learntest\learnback\target\classes\com\learnback\mapper\GsmsContactMapper.class], file [F:\code\work_eclipse_test\learntest\learnback\target\classes\com\learnback\mapper\UserMapper.class], file [F:\code\work_eclipse_test\learntest\learnback\target\classes\com\learnback\server\LearnBackServer.class], file [F:\code\work_eclipse_test\learntest\learnback\target\classes\com\learnback\service\GsmsContactService.class], file [F:\code\work_eclipse_test\learntest\learnback\target\classes\com\learnback\service\impl\DefaultGsmsContactService.class], file [F:\code\work_eclipse_test\learntest\learnback\target\classes\com\learnback\service\impl\DefaultUserService.class], file [F:\code\work_eclipse_test\learntest\learnback\target\classes\com\learnback\service\UserService.class]]
2015-11-11 12:47:19,863 248   DEBUG [org.springframework.context.annotation.ClassPathBeanDefinitionScanner] (main:) Identified candidate component class: file [F:\code\work_eclipse_test\learntest\learnback\target\classes\com\learnback\dao\impl\DefaultGsmsContactDao.class]
2015-11-11 12:47:19,863 248   DEBUG [org.springframework.context.annotation.ClassPathBeanDefinitionScanner] (main:) Identified candidate component class: file [F:\code\work_eclipse_test\learntest\learnback\target\classes\com\learnback\dao\impl\DefaultUserDao.class]
2015-11-11 12:47:19,866 251   DEBUG [org.springframework.context.annotation.ClassPathBeanDefinitionScanner] (main:) Identified candidate component class: file [F:\code\work_eclipse_test\learntest\learnback\target\classes\com\learnback\service\impl\DefaultGsmsContactService.class]
2015-11-11 12:47:19,867 252   DEBUG [org.springframework.context.annotation.ClassPathBeanDefinitionScanner] (main:) Identified candidate component class: file [F:\code\work_eclipse_test\learntest\learnback\target\classes\com\learnback\service\impl\DefaultUserService.class]
2015-11-11 12:47:19,870 255   DEBUG [org.springframework.beans.factory.xml.XmlBeanDefinitionReader] (main:) Loaded 12 bean definitions from location pattern [spring-context.xml]
2015-11-11 12:47:19,871 256   DEBUG [org.springframework.context.support.ClassPathXmlApplicationContext] (main:) Bean factory for org.springframework.context.support.ClassPathXmlApplicationContext@1b3bae89: org.springframework.beans.factory.support.DefaultListableBeanFactory@67e9f96b: defining beans [outerDataSource,outerSessionFactory,org.springframework.context.annotation.internalConfigurationAnnotationProcessor,org.springframework.context.annotation.internalAutowiredAnnotationProcessor,org.springframework.context.annotation.internalRequiredAnnotationProcessor,org.springframework.context.annotation.internalCommonAnnotationProcessor,defaultGsmsContactDao,defaultUserDao,defaultGsmsContactService,defaultUserService,propertyConfigurer,mapTest]; root of factory hierarchy
2015-11-11 12:47:19,887 272   DEBUG [org.springframework.beans.factory.support.DefaultListableBeanFactory] (main:) Creating shared instance of singleton bean 'org.springframework.context.annotation.internalConfigurationAnnotationProcessor'
2015-11-11 12:47:19,887 272   DEBUG [org.springframework.beans.factory.support.DefaultListableBeanFactory] (main:) Creating instance of bean 'org.springframework.context.annotation.internalConfigurationAnnotationProcessor'
2015-11-11 12:47:19,899 284   DEBUG [org.springframework.beans.factory.support.DefaultListableBeanFactory] (main:) Eagerly caching bean 'org.springframework.context.annotation.internalConfigurationAnnotationProcessor' to allow for resolving potential circular references
2015-11-11 12:47:19,900 285   DEBUG [org.springframework.beans.factory.support.DefaultListableBeanFactory] (main:) Finished creating instance of bean 'org.springframework.context.annotation.internalConfigurationAnnotationProcessor'
2015-11-11 12:47:19,924 309   DEBUG [org.springframework.beans.factory.support.DefaultListableBeanFactory] (main:) Creating shared instance of singleton bean 'propertyConfigurer'
2015-11-11 12:47:19,925 310   DEBUG [org.springframework.beans.factory.support.DefaultListableBeanFactory] (main:) Creating instance of bean 'propertyConfigurer'
2015-11-11 12:47:19,926 311   DEBUG [org.springframework.beans.factory.support.DefaultListableBeanFactory] (main:) Eagerly caching bean 'propertyConfigurer' to allow for resolving potential circular references
2015-11-11 12:47:19,949 334   DEBUG [org.springframework.beans.factory.support.DefaultListableBeanFactory] (main:) Finished creating instance of bean 'propertyConfigurer'
2015-11-11 12:47:19,950 335   INFO  [org.springframework.beans.factory.config.PropertyPlaceholderConfigurer] (main:) Loading properties file from class path resource [jdbc.properties]
2015-11-11 12:47:19,950 335   INFO  [org.springframework.beans.factory.config.PropertyPlaceholderConfigurer] (main:) Loading properties file from class path resource [system.properties]
2015-11-11 12:47:19,954 339   DEBUG [org.springframework.beans.factory.support.DefaultListableBeanFactory] (main:) Creating shared instance of singleton bean 'org.springframework.context.annotation.internalAutowiredAnnotationProcessor'
2015-11-11 12:47:19,954 339   DEBUG [org.springframework.beans.factory.support.DefaultListableBeanFactory] (main:) Creating instance of bean 'org.springframework.context.annotation.internalAutowiredAnnotationProcessor'
2015-11-11 12:47:19,955 340   DEBUG [org.springframework.beans.factory.support.DefaultListableBeanFactory] (main:) Eagerly caching bean 'org.springframework.context.annotation.internalAutowiredAnnotationProcessor' to allow for resolving potential circular references
2015-11-11 12:47:19,955 340   DEBUG [org.springframework.beans.factory.support.DefaultListableBeanFactory] (main:) Finished creating instance of bean 'org.springframework.context.annotation.internalAutowiredAnnotationProcessor'
2015-11-11 12:47:19,955 340   DEBUG [org.springframework.beans.factory.support.DefaultListableBeanFactory] (main:) Creating shared instance of singleton bean 'org.springframework.context.annotation.internalRequiredAnnotationProcessor'
2015-11-11 12:47:19,955 340   DEBUG [org.springframework.beans.factory.support.DefaultListableBeanFactory] (main:) Creating instance of bean 'org.springframework.context.annotation.internalRequiredAnnotationProcessor'
2015-11-11 12:47:19,956 341   DEBUG [org.springframework.beans.factory.support.DefaultListableBeanFactory] (main:) Eagerly caching bean 'org.springframework.context.annotation.internalRequiredAnnotationProcessor' to allow for resolving potential circular references
2015-11-11 12:47:19,956 341   DEBUG [org.springframework.beans.factory.support.DefaultListableBeanFactory] (main:) Finished creating instance of bean 'org.springframework.context.annotation.internalRequiredAnnotationProcessor'
2015-11-11 12:47:19,956 341   DEBUG [org.springframework.beans.factory.support.DefaultListableBeanFactory] (main:) Creating shared instance of singleton bean 'org.springframework.context.annotation.internalCommonAnnotationProcessor'
2015-11-11 12:47:19,956 341   DEBUG [org.springframework.beans.factory.support.DefaultListableBeanFactory] (main:) Creating instance of bean 'org.springframework.context.annotation.internalCommonAnnotationProcessor'
2015-11-11 12:47:19,961 346   DEBUG [org.springframework.beans.factory.support.DefaultListableBeanFactory] (main:) Eagerly caching bean 'org.springframework.context.annotation.internalCommonAnnotationProcessor' to allow for resolving potential circular references
2015-11-11 12:47:19,961 346   DEBUG [org.springframework.beans.factory.support.DefaultListableBeanFactory] (main:) Finished creating instance of bean 'org.springframework.context.annotation.internalCommonAnnotationProcessor'
2015-11-11 12:47:19,961 346   DEBUG [org.springframework.beans.factory.support.DefaultListableBeanFactory] (main:) Creating shared instance of singleton bean 'org.springframework.context.annotation.ConfigurationClassPostProcessor$ImportAwareBeanPostProcessor#0'
2015-11-11 12:47:19,961 346   DEBUG [org.springframework.beans.factory.support.DefaultListableBeanFactory] (main:) Creating instance of bean 'org.springframework.context.annotation.ConfigurationClassPostProcessor$ImportAwareBeanPostProcessor#0'
2015-11-11 12:47:19,961 346   DEBUG [org.springframework.beans.factory.support.DefaultListableBeanFactory] (main:) Eagerly caching bean 'org.springframework.context.annotation.ConfigurationClassPostProcessor$ImportAwareBeanPostProcessor#0' to allow for resolving potential circular references
2015-11-11 12:47:19,962 347   DEBUG [org.springframework.beans.factory.support.DefaultListableBeanFactory] (main:) Finished creating instance of bean 'org.springframework.context.annotation.ConfigurationClassPostProcessor$ImportAwareBeanPostProcessor#0'
2015-11-11 12:47:19,964 349   DEBUG [org.springframework.context.support.ClassPathXmlApplicationContext] (main:) Unable to locate MessageSource with name 'messageSource': using default [org.springframework.context.support.DelegatingMessageSource@63e7280b]
2015-11-11 12:47:19,966 351   DEBUG [org.springframework.context.support.ClassPathXmlApplicationContext] (main:) Unable to locate ApplicationEventMulticaster with name 'applicationEventMulticaster': using default [org.springframework.context.event.SimpleApplicationEventMulticaster@52c03865]
2015-11-11 12:47:19,967 352   INFO  [org.springframework.beans.factory.support.DefaultListableBeanFactory] (main:) Pre-instantiating singletons in org.springframework.beans.factory.support.DefaultListableBeanFactory@67e9f96b: defining beans [outerDataSource,outerSessionFactory,org.springframework.context.annotation.internalConfigurationAnnotationProcessor,org.springframework.context.annotation.internalAutowiredAnnotationProcessor,org.springframework.context.annotation.internalRequiredAnnotationProcessor,org.springframework.context.annotation.internalCommonAnnotationProcessor,defaultGsmsContactDao,defaultUserDao,defaultGsmsContactService,defaultUserService,propertyConfigurer,mapTest,org.springframework.context.annotation.ConfigurationClassPostProcessor$ImportAwareBeanPostProcessor#0]; root of factory hierarchy
2015-11-11 12:47:19,967 352   DEBUG [org.springframework.beans.factory.support.DefaultListableBeanFactory] (main:) Creating shared instance of singleton bean 'outerDataSource'
2015-11-11 12:47:19,967 352   DEBUG [org.springframework.beans.factory.support.DefaultListableBeanFactory] (main:) Creating instance of bean 'outerDataSource'
2015-11-11 12:47:19,977 362   DEBUG [org.springframework.beans.factory.support.DefaultListableBeanFactory] (main:) Eagerly caching bean 'outerDataSource' to allow for resolving potential circular references
2015-11-11 12:47:19,994 379   DEBUG [org.springframework.core.env.StandardEnvironment] (main:) Initializing new StandardEnvironment
2015-11-11 12:47:19,994 379   DEBUG [org.springframework.core.env.StandardEnvironment] (main:) Adding [systemProperties] PropertySource with lowest search precedence
2015-11-11 12:47:19,994 379   DEBUG [org.springframework.core.env.StandardEnvironment] (main:) Adding [systemEnvironment] PropertySource with lowest search precedence
2015-11-11 12:47:19,995 380   DEBUG [org.springframework.core.env.StandardEnvironment] (main:) Initialized StandardEnvironment with PropertySources [systemProperties,systemEnvironment]
2015-11-11 12:47:19,995 380   DEBUG [org.springframework.core.env.StandardEnvironment] (main:) Initializing new StandardEnvironment
2015-11-11 12:47:19,996 381   DEBUG [org.springframework.core.env.StandardEnvironment] (main:) Adding [systemProperties] PropertySource with lowest search precedence
2015-11-11 12:47:19,996 381   DEBUG [org.springframework.core.env.StandardEnvironment] (main:) Adding [systemEnvironment] PropertySource with lowest search precedence
2015-11-11 12:47:19,997 382   DEBUG [org.springframework.core.env.StandardEnvironment] (main:) Initialized StandardEnvironment with PropertySources [systemProperties,systemEnvironment]
2015-11-11 12:47:19,997 382   DEBUG [org.springframework.core.env.StandardEnvironment] (main:) Initializing new StandardEnvironment
2015-11-11 12:47:19,997 382   DEBUG [org.springframework.core.env.StandardEnvironment] (main:) Adding [systemProperties] PropertySource with lowest search precedence
2015-11-11 12:47:19,998 383   DEBUG [org.springframework.core.env.StandardEnvironment] (main:) Adding [systemEnvironment] PropertySource with lowest search precedence
2015-11-11 12:47:19,998 383   DEBUG [org.springframework.core.env.StandardEnvironment] (main:) Initialized StandardEnvironment with PropertySources [systemProperties,systemEnvironment]
2015-11-11 12:47:20,000 385   DEBUG [org.springframework.core.env.StandardEnvironment] (main:) Initializing new StandardEnvironment
2015-11-11 12:47:20,000 385   DEBUG [org.springframework.core.env.StandardEnvironment] (main:) Adding [systemProperties] PropertySource with lowest search precedence
2015-11-11 12:47:20,001 386   DEBUG [org.springframework.core.env.StandardEnvironment] (main:) Adding [systemEnvironment] PropertySource with lowest search precedence
2015-11-11 12:47:20,001 386   DEBUG [org.springframework.core.env.StandardEnvironment] (main:) Initialized StandardEnvironment with PropertySources [systemProperties,systemEnvironment]
2015-11-11 12:47:20,002 387   DEBUG [org.springframework.core.env.StandardEnvironment] (main:) Initializing new StandardEnvironment
2015-11-11 12:47:20,003 388   DEBUG [org.springframework.core.env.StandardEnvironment] (main:) Adding [systemProperties] PropertySource with lowest search precedence
2015-11-11 12:47:20,003 388   DEBUG [org.springframework.core.env.StandardEnvironment] (main:) Adding [systemEnvironment] PropertySource with lowest search precedence
2015-11-11 12:47:20,003 388   DEBUG [org.springframework.core.env.StandardEnvironment] (main:) Initialized StandardEnvironment with PropertySources [systemProperties,systemEnvironment]
2015-11-11 12:47:20,010 395   DEBUG [org.springframework.beans.factory.support.DefaultListableBeanFactory] (main:) Finished creating instance of bean 'outerDataSource'
2015-11-11 12:47:20,010 395   DEBUG [org.springframework.beans.factory.support.DefaultListableBeanFactory] (main:) Creating shared instance of singleton bean 'outerSessionFactory'
2015-11-11 12:47:20,011 396   DEBUG [org.springframework.beans.factory.support.DefaultListableBeanFactory] (main:) Creating instance of bean 'outerSessionFactory'
2015-11-11 12:47:20,013 398   DEBUG [org.springframework.beans.factory.support.DefaultListableBeanFactory] (main:) Eagerly caching bean 'outerSessionFactory' to allow for resolving potential circular references
2015-11-11 12:47:20,017 402   DEBUG [org.springframework.beans.factory.support.DefaultListableBeanFactory] (main:) Returning cached instance of singleton bean 'outerDataSource'
2015-11-11 12:47:20,019 404   DEBUG [org.springframework.beans.factory.support.DefaultListableBeanFactory] (main:) Invoking afterPropertiesSet() on bean with name 'outerSessionFactory'
2015-11-11 12:47:20,065 450   DEBUG [org.apache.ibatis.logging.LogFactory] (main:) Logging initialized using 'org.apache.ibatis.logging.slf4j.Slf4jImpl' adapter.
2015-11-11 12:47:20,147 532   DEBUG [org.springframework.beans.factory.support.DefaultListableBeanFactory] (main:) Finished creating instance of bean 'outerSessionFactory'
2015-11-11 12:47:20,147 532   DEBUG [org.springframework.beans.factory.support.DefaultListableBeanFactory] (main:) Returning cached instance of singleton bean 'org.springframework.context.annotation.internalConfigurationAnnotationProcessor'
2015-11-11 12:47:20,148 533   DEBUG [org.springframework.beans.factory.support.DefaultListableBeanFactory] (main:) Returning cached instance of singleton bean 'org.springframework.context.annotation.internalAutowiredAnnotationProcessor'
2015-11-11 12:47:20,148 533   DEBUG [org.springframework.beans.factory.support.DefaultListableBeanFactory] (main:) Returning cached instance of singleton bean 'org.springframework.context.annotation.internalRequiredAnnotationProcessor'
2015-11-11 12:47:20,148 533   DEBUG [org.springframework.beans.factory.support.DefaultListableBeanFactory] (main:) Returning cached instance of singleton bean 'org.springframework.context.annotation.internalCommonAnnotationProcessor'
2015-11-11 12:47:20,148 533   DEBUG [org.springframework.beans.factory.support.DefaultListableBeanFactory] (main:) Creating shared instance of singleton bean 'defaultGsmsContactDao'
2015-11-11 12:47:20,148 533   DEBUG [org.springframework.beans.factory.support.DefaultListableBeanFactory] (main:) Creating instance of bean 'defaultGsmsContactDao'
2015-11-11 12:47:20,153 538   DEBUG [org.springframework.beans.factory.annotation.InjectionMetadata] (main:) Found injected element on class [com.learnback.dao.impl.DefaultGsmsContactDao]: AutowiredMethodElement for public void com.learnback.common.dao.CommonDao.setSqlSessionFactory(org.apache.ibatis.session.SqlSessionFactory)
2015-11-11 12:47:20,154 539   DEBUG [org.springframework.beans.factory.support.DefaultListableBeanFactory] (main:) Eagerly caching bean 'defaultGsmsContactDao' to allow for resolving potential circular references
2015-11-11 12:47:20,156 541   DEBUG [org.springframework.beans.factory.annotation.InjectionMetadata] (main:) Processing injected method of bean 'defaultGsmsContactDao': AutowiredMethodElement for public void com.learnback.common.dao.CommonDao.setSqlSessionFactory(org.apache.ibatis.session.SqlSessionFactory)
2015-11-11 12:47:20,159 544   DEBUG [org.springframework.beans.factory.support.DefaultListableBeanFactory] (main:) Returning cached instance of singleton bean 'outerSessionFactory'
2015-11-11 12:47:20,159 544   DEBUG [org.springframework.beans.factory.annotation.AutowiredAnnotationBeanPostProcessor] (main:) Autowiring by type from bean name 'defaultGsmsContactDao' to bean named 'outerSessionFactory'
2015-11-11 12:47:20,159 544   DEBUG [org.springframework.beans.factory.support.DefaultListableBeanFactory] (main:) Finished creating instance of bean 'defaultGsmsContactDao'
2015-11-11 12:47:20,160 545   DEBUG [org.springframework.beans.factory.support.DefaultListableBeanFactory] (main:) Creating shared instance of singleton bean 'defaultUserDao'
2015-11-11 12:47:20,160 545   DEBUG [org.springframework.beans.factory.support.DefaultListableBeanFactory] (main:) Creating instance of bean 'defaultUserDao'
2015-11-11 12:47:20,161 546   DEBUG [org.springframework.beans.factory.annotation.InjectionMetadata] (main:) Found injected element on class [com.learnback.dao.impl.DefaultUserDao]: AutowiredMethodElement for public void com.learnback.common.dao.CommonDao.setSqlSessionFactory(org.apache.ibatis.session.SqlSessionFactory)
2015-11-11 12:47:20,161 546   DEBUG [org.springframework.beans.factory.support.DefaultListableBeanFactory] (main:) Eagerly caching bean 'defaultUserDao' to allow for resolving potential circular references
2015-11-11 12:47:20,164 549   DEBUG [org.springframework.beans.factory.annotation.InjectionMetadata] (main:) Processing injected method of bean 'defaultUserDao': AutowiredMethodElement for public void com.learnback.common.dao.CommonDao.setSqlSessionFactory(org.apache.ibatis.session.SqlSessionFactory)
2015-11-11 12:47:20,164 549   DEBUG [org.springframework.beans.factory.support.DefaultListableBeanFactory] (main:) Returning cached instance of singleton bean 'outerSessionFactory'
2015-11-11 12:47:20,164 549   DEBUG [org.springframework.beans.factory.annotation.AutowiredAnnotationBeanPostProcessor] (main:) Autowiring by type from bean name 'defaultUserDao' to bean named 'outerSessionFactory'
2015-11-11 12:47:20,165 550   DEBUG [org.springframework.beans.factory.support.DefaultListableBeanFactory] (main:) Finished creating instance of bean 'defaultUserDao'
2015-11-11 12:47:20,165 550   DEBUG [org.springframework.beans.factory.support.DefaultListableBeanFactory] (main:) Creating shared instance of singleton bean 'defaultGsmsContactService'
2015-11-11 12:47:20,165 550   DEBUG [org.springframework.beans.factory.support.DefaultListableBeanFactory] (main:) Creating instance of bean 'defaultGsmsContactService'
2015-11-11 12:47:20,166 551   DEBUG [org.springframework.beans.factory.annotation.InjectionMetadata] (main:) Found injected element on class [com.learnback.service.impl.DefaultGsmsContactService]: AutowiredFieldElement for private com.learnback.dao.GsmsContactDao com.learnback.service.impl.DefaultGsmsContactService.contactDao
2015-11-11 12:47:20,166 551   DEBUG [org.springframework.beans.factory.support.DefaultListableBeanFactory] (main:) Eagerly caching bean 'defaultGsmsContactService' to allow for resolving potential circular references
2015-11-11 12:47:20,167 552   DEBUG [org.springframework.beans.factory.annotation.InjectionMetadata] (main:) Processing injected method of bean 'defaultGsmsContactService': AutowiredFieldElement for private com.learnback.dao.GsmsContactDao com.learnback.service.impl.DefaultGsmsContactService.contactDao
2015-11-11 12:47:20,168 553   DEBUG [org.springframework.beans.factory.support.DefaultListableBeanFactory] (main:) Returning cached instance of singleton bean 'defaultGsmsContactDao'
2015-11-11 12:47:20,168 553   DEBUG [org.springframework.beans.factory.annotation.AutowiredAnnotationBeanPostProcessor] (main:) Autowiring by type from bean name 'defaultGsmsContactService' to bean named 'defaultGsmsContactDao'
2015-11-11 12:47:20,168 553   DEBUG [org.springframework.beans.factory.support.DefaultListableBeanFactory] (main:) Finished creating instance of bean 'defaultGsmsContactService'
2015-11-11 12:47:20,169 554   DEBUG [org.springframework.beans.factory.support.DefaultListableBeanFactory] (main:) Creating shared instance of singleton bean 'defaultUserService'
2015-11-11 12:47:20,169 554   DEBUG [org.springframework.beans.factory.support.DefaultListableBeanFactory] (main:) Creating instance of bean 'defaultUserService'
2015-11-11 12:47:20,171 556   DEBUG [org.springframework.beans.factory.annotation.InjectionMetadata] (main:) Found injected element on class [com.learnback.service.impl.DefaultUserService]: AutowiredMethodElement for public void com.learnback.service.impl.DefaultUserService.setUserDao(com.learnback.dao.UserDao)
2015-11-11 12:47:20,171 556   DEBUG [org.springframework.beans.factory.support.DefaultListableBeanFactory] (main:) Eagerly caching bean 'defaultUserService' to allow for resolving potential circular references
2015-11-11 12:47:20,171 556   DEBUG [org.springframework.beans.factory.annotation.InjectionMetadata] (main:) Processing injected method of bean 'defaultUserService': AutowiredMethodElement for public void com.learnback.service.impl.DefaultUserService.setUserDao(com.learnback.dao.UserDao)
2015-11-11 12:47:20,172 557   DEBUG [org.springframework.beans.factory.support.DefaultListableBeanFactory] (main:) Returning cached instance of singleton bean 'defaultUserDao'
2015-11-11 12:47:20,172 557   DEBUG [org.springframework.beans.factory.annotation.AutowiredAnnotationBeanPostProcessor] (main:) Autowiring by type from bean name 'defaultUserService' to bean named 'defaultUserDao'
2015-11-11 12:47:20,173 558   DEBUG [org.springframework.beans.factory.support.DefaultListableBeanFactory] (main:) Finished creating instance of bean 'defaultUserService'
2015-11-11 12:47:20,173 558   DEBUG [org.springframework.beans.factory.support.DefaultListableBeanFactory] (main:) Returning cached instance of singleton bean 'propertyConfigurer'
2015-11-11 12:47:20,173 558   DEBUG [org.springframework.beans.factory.support.DefaultListableBeanFactory] (main:) Creating shared instance of singleton bean 'mapTest'
2015-11-11 12:47:20,173 558   DEBUG [org.springframework.beans.factory.support.DefaultListableBeanFactory] (main:) Creating instance of bean 'mapTest'
2015-11-11 12:47:20,173 558   DEBUG [org.springframework.beans.factory.support.DefaultListableBeanFactory] (main:) Eagerly caching bean 'mapTest' to allow for resolving potential circular references
2015-11-11 12:47:20,177 562   DEBUG [org.springframework.beans.factory.support.DefaultListableBeanFactory] (main:) Finished creating instance of bean 'mapTest'
2015-11-11 12:47:20,177 562   DEBUG [org.springframework.beans.factory.support.DefaultListableBeanFactory] (main:) Returning cached instance of singleton bean 'org.springframework.context.annotation.ConfigurationClassPostProcessor$ImportAwareBeanPostProcessor#0'
2015-11-11 12:47:20,178 563   DEBUG [org.springframework.context.support.ClassPathXmlApplicationContext] (main:) Unable to locate LifecycleProcessor with name 'lifecycleProcessor': using default [org.springframework.context.support.DefaultLifecycleProcessor@4a635f47]
2015-11-11 12:47:20,179 564   DEBUG [org.springframework.beans.factory.support.DefaultListableBeanFactory] (main:) Returning cached instance of singleton bean 'lifecycleProcessor'
2015-11-11 12:47:20,179 564   DEBUG [org.springframework.beans.factory.support.DefaultListableBeanFactory] (main:) Returning cached instance of singleton bean 'mapTest'
