2015-12-14 17:22:19,131 0     DEBUG [org.apache.http.impl.conn.BasicClientConnectionManager] (main:) Get connection for route {}->http://127.0.0.1:8086
2015-12-14 17:22:19,220 89    DEBUG [org.apache.http.impl.conn.DefaultClientConnectionOperator] (main:) Connecting to 127.0.0.1:8086
2015-12-14 17:22:19,307 176   DEBUG [org.apache.http.client.protocol.RequestAddCookies] (main:) CookieSpec selected: default
2015-12-14 17:22:19,312 181   DEBUG [org.apache.http.client.protocol.RequestAuthCache] (main:) Auth cache not set in the context
2015-12-14 17:22:19,314 183   DEBUG [org.apache.http.client.protocol.RequestTargetAuthentication] (main:) Target auth state: UNCHALLENGED
2015-12-14 17:22:19,318 187   DEBUG [org.apache.http.client.protocol.RequestProxyAuthentication] (main:) Proxy auth state: UNCHALLENGED
2015-12-14 17:22:19,320 189   DEBUG [org.apache.http.impl.client.DefaultHttpClient] (main:) Attempt 1 to execute request
2015-12-14 17:22:19,322 191   DEBUG [org.apache.http.impl.conn.DefaultClientConnection] (main:) Sending request: GET /cgi-bin/sendsms?username=user01@ent01&password=123456&to=18287131062&msgtype=1&text=%B2%E2%CA%D4HTTP HTTP/1.1
2015-12-14 17:22:19,324 193   DEBUG [org.apache.http.wire] (main:)  >> "GET /cgi-bin/sendsms?username=user01@ent01&password=123456&to=18287131062&msgtype=1&text=%B2%E2%CA%D4HTTP HTTP/1.1[\r][\n]"
2015-12-14 17:22:19,329 198   DEBUG [org.apache.http.wire] (main:)  >> "Host: 127.0.0.1:8086[\r][\n]"
2015-12-14 17:22:19,332 201   DEBUG [org.apache.http.wire] (main:)  >> "Connection: Keep-Alive[\r][\n]"
2015-12-14 17:22:19,334 203   DEBUG [org.apache.http.wire] (main:)  >> "User-Agent: Apache-HttpClient/4.5.1 (Java/1.7.0_71)[\r][\n]"
2015-12-14 17:22:19,336 205   DEBUG [org.apache.http.wire] (main:)  >> "[\r][\n]"
2015-12-14 17:22:19,338 207   DEBUG [org.apache.http.headers] (main:) >> GET /cgi-bin/sendsms?username=user01@ent01&password=123456&to=18287131062&msgtype=1&text=%B2%E2%CA%D4HTTP HTTP/1.1
2015-12-14 17:22:19,340 209   DEBUG [org.apache.http.headers] (main:) >> Host: 127.0.0.1:8086
2015-12-14 17:22:19,342 211   DEBUG [org.apache.http.headers] (main:) >> Connection: Keep-Alive
2015-12-14 17:22:19,344 213   DEBUG [org.apache.http.headers] (main:) >> User-Agent: Apache-HttpClient/4.5.1 (Java/1.7.0_71)
2015-12-14 17:45:12,921 1373790 DEBUG [org.apache.http.wire] (main:)  << "HTTP/1.1 200 OK[\r][\n]"
2015-12-14 17:45:12,936 1373805 DEBUG [org.apache.http.wire] (main:)  << "Content-Type: text/html[\r][\n]"
2015-12-14 17:45:12,936 1373805 DEBUG [org.apache.http.wire] (main:)  << "Content-Length: 1[\r][\n]"
2015-12-14 17:45:12,936 1373805 DEBUG [org.apache.http.wire] (main:)  << "[\r][\n]"
2015-12-14 17:45:12,936 1373805 DEBUG [org.apache.http.impl.conn.DefaultClientConnection] (main:) Receiving response: HTTP/1.1 200 OK
2015-12-14 17:45:12,952 1373821 DEBUG [org.apache.http.headers] (main:) << HTTP/1.1 200 OK
2015-12-14 17:45:12,954 1373823 DEBUG [org.apache.http.headers] (main:) << Content-Type: text/html
2015-12-14 17:45:12,956 1373825 DEBUG [org.apache.http.headers] (main:) << Content-Length: 1
2015-12-14 17:45:12,974 1373843 DEBUG [org.apache.http.impl.client.DefaultHttpClient] (main:) Connection can be kept alive indefinitely
